<?xml version="1.0" encoding="UTF-8"?>
<testsuite xmlns:xsi="http://www.w3.org/2001/XMLSchema-instance" xsi:noNamespaceSchemaLocation="https://maven.apache.org/surefire/maven-surefire-plugin/xsd/surefire-test-report.xsd" name="com.ultrapower.AppTest" time="0.042" tests="1" errors="0" skipped="0" failures="0">
  <properties>
    <property name="sun.desktop" value="windows"/>
    <property name="awt.toolkit" value="sun.awt.windows.WToolkit"/>
    <property name="file.encoding.pkg" value="sun.io"/>
    <property name="java.specification.version" value="1.8"/>
    <property name="sun.cpu.isalist" value="amd64"/>
    <property name="sun.jnu.encoding" value="GBK"/>
    <property name="java.class.path" value="D:\project\idea\maven_demo\architecture1\goodsmgr\target\test-classes;D:\project\idea\maven_demo\architecture1\goodsmgr\target\classes;D:\project\idea\maven_demo\repo\cglib\cglib\3.2.5\cglib-3.2.5.jar;D:\project\idea\maven_demo\repo\org\apache\ant\ant\1.9.6\ant-1.9.6.jar;D:\project\idea\maven_demo\repo\org\apache\ant\ant-launcher\1.9.6\ant-launcher-1.9.6.jar;D:\project\idea\maven_demo\repo\org\ow2\asm\asm\6.0\asm-6.0.jar;D:\project\idea\maven_demo\repo\org\springframework\spring-context\5.0.2.RELEASE\spring-context-5.0.2.RELEASE.jar;D:\project\idea\maven_demo\repo\org\springframework\spring-aop\5.0.2.RELEASE\spring-aop-5.0.2.RELEASE.jar;D:\project\idea\maven_demo\repo\org\springframework\spring-expression\5.0.2.RELEASE\spring-expression-5.0.2.RELEASE.jar;D:\project\idea\maven_demo\repo\org\springframework\spring-core\5.0.2.RELEASE\spring-core-5.0.2.RELEASE.jar;D:\project\idea\maven_demo\repo\org\springframework\spring-jcl\5.0.2.RELEASE\spring-jcl-5.0.2.RELEASE.jar;D:\project\idea\maven_demo\repo\org\springframework\spring-web\5.0.2.RELEASE\spring-web-5.0.2.RELEASE.jar;D:\project\idea\maven_demo\repo\org\springframework\spring-context-support\5.0.2.RELEASE\spring-context-support-5.0.2.RELEASE.jar;D:\project\idea\maven_demo\repo\org\springframework\spring-jdbc\5.0.2.RELEASE\spring-jdbc-5.0.2.RELEASE.jar;D:\project\idea\maven_demo\repo\org\springframework\spring-orm\5.0.2.RELEASE\spring-orm-5.0.2.RELEASE.jar;D:\project\idea\maven_demo\repo\org\springframework\spring-tx\5.0.2.RELEASE\spring-tx-5.0.2.RELEASE.jar;D:\project\idea\maven_demo\repo\org\springframework\spring-webmvc\5.0.2.RELEASE\spring-webmvc-5.0.2.RELEASE.jar;D:\project\idea\maven_demo\repo\org\springframework\spring-beans\5.0.2.RELEASE\spring-beans-5.0.2.RELEASE.jar;D:\project\idea\maven_demo\repo\com\github\pagehelper\pagehelper\5.1.2\pagehelper-5.1.2.jar;D:\project\idea\maven_demo\repo\com\github\jsqlparser\jsqlparser\1.0\jsqlparser-1.0.jar;D:\project\idea\maven_demo\repo\org\slf4j\slf4j-api\1.7.25\slf4j-api-1.7.25.jar;D:\project\idea\maven_demo\repo\ch\qos\logback\logback-classic\1.2.3\logback-classic-1.2.3.jar;D:\project\idea\maven_demo\repo\ch\qos\logback\logback-core\1.2.3\logback-core-1.2.3.jar;D:\project\idea\maven_demo\repo\org\logback-extensions\logback-ext-spring\0.1.4\logback-ext-spring-0.1.4.jar;D:\project\idea\maven_demo\repo\org\apache\logging\log4j\log4j-core\2.6.2\log4j-core-2.6.2.jar;D:\project\idea\maven_demo\repo\org\apache\logging\log4j\log4j-api\2.6.2\log4j-api-2.6.2.jar;D:\project\idea\maven_demo\repo\mysql\mysql-connector-java\5.0.4\mysql-connector-java-5.0.4.jar;D:\project\idea\maven_demo\repo\taglibs\standard\1.1.2\standard-1.1.2.jar;D:\project\idea\maven_demo\repo\jstl\jstl\1.2\jstl-1.2.jar;D:\project\idea\maven_demo\repo\org\aspectj\aspectjrt\1.8.13\aspectjrt-1.8.13.jar;D:\project\idea\maven_demo\repo\org\aspectj\aspectjweaver\1.8.13\aspectjweaver-1.8.13.jar;D:\project\idea\maven_demo\repo\com\alibaba\druid\1.1.6\druid-1.1.6.jar;D:\project\idea\maven_demo\repo\org\mybatis\mybatis-spring\1.3.1\mybatis-spring-1.3.1.jar;D:\project\idea\maven_demo\repo\org\mybatis\mybatis\3.4.5\mybatis-3.4.5.jar;D:\project\idea\maven_demo\repo\org\apache\poi\poi-ooxml\3.17\poi-ooxml-3.17.jar;D:\project\idea\maven_demo\repo\org\apache\poi\poi\3.17\poi-3.17.jar;D:\project\idea\maven_demo\repo\commons-codec\commons-codec\1.10\commons-codec-1.10.jar;D:\project\idea\maven_demo\repo\org\apache\commons\commons-collections4\4.1\commons-collections4-4.1.jar;D:\project\idea\maven_demo\repo\org\apache\poi\poi-ooxml-schemas\3.17\poi-ooxml-schemas-3.17.jar;D:\project\idea\maven_demo\repo\org\apache\xmlbeans\xmlbeans\2.6.0\xmlbeans-2.6.0.jar;D:\project\idea\maven_demo\repo\stax\stax-api\1.0.1\stax-api-1.0.1.jar;D:\project\idea\maven_demo\repo\com\github\virtuald\curvesapi\1.04\curvesapi-1.04.jar;D:\project\idea\maven_demo\repo\junit\junit\4.11\junit-4.11.jar;D:\project\idea\maven_demo\repo\org\hamcrest\hamcrest-core\1.3\hamcrest-core-1.3.jar;D:\project\idea\maven_demo\repo\com\fasterxml\jackson\core\jackson-core\2.9.3\jackson-core-2.9.3.jar;D:\project\idea\maven_demo\repo\com\fasterxml\jackson\core\jackson-annotations\2.9.3\jackson-annotations-2.9.3.jar;D:\project\idea\maven_demo\repo\com\fasterxml\jackson\core\jackson-databind\2.9.3\jackson-databind-2.9.3.jar;D:\project\idea\maven_demo\repo\net\sf\ehcache\ehcache\2.10.4\ehcache-2.10.4.jar;D:\project\idea\maven_demo\repo\org\mybatis\mybatis-ehcache\1.0.0\mybatis-ehcache-1.0.0.jar;D:\project\idea\maven_demo\repo\net\sf\ehcache\ehcache-core\2.0.0\ehcache-core-2.0.0.jar;D:\project\idea\maven_demo\repo\javax\servlet\javax.servlet-api\4.0.0\javax.servlet-api-4.0.0.jar;D:\project\idea\maven_demo\repo\javax\servlet\jsp\javax.servlet.jsp-api\2.3.1\javax.servlet.jsp-api-2.3.1.jar;"/>
    <property name="java.vm.vendor" value="Oracle Corporation"/>
    <property name="sun.arch.data.model" value="64"/>
    <property name="user.variant" value=""/>
    <property name="java.vendor.url" value="http://java.oracle.com/"/>
    <property name="user.timezone" value="Asia/Shanghai"/>
    <property name="java.vm.specification.version" value="1.8"/>
    <property name="os.name" value="Windows 8.1"/>
    <property name="user.country" value="CN"/>
    <property name="sun.java.launcher" value="SUN_STANDARD"/>
    <property name="sun.boot.library.path" value="C:\Java8\bin"/>
    <property name="sun.java.command" value="C:\Users\User\AppData\Local\Temp\surefire1792496997994819398\surefirebooter6772567681396888998.jar C:\Users\User\AppData\Local\Temp\surefire1792496997994819398 2018-08-14T12-08-43_401-jvmRun1 surefire7972086012788285775tmp surefire_03043612184566015819tmp"/>
    <property name="surefire.test.class.path" value="D:\project\idea\maven_demo\architecture1\goodsmgr\target\test-classes;D:\project\idea\maven_demo\architecture1\goodsmgr\target\classes;D:\project\idea\maven_demo\repo\cglib\cglib\3.2.5\cglib-3.2.5.jar;D:\project\idea\maven_demo\repo\org\apache\ant\ant\1.9.6\ant-1.9.6.jar;D:\project\idea\maven_demo\repo\org\apache\ant\ant-launcher\1.9.6\ant-launcher-1.9.6.jar;D:\project\idea\maven_demo\repo\org\ow2\asm\asm\6.0\asm-6.0.jar;D:\project\idea\maven_demo\repo\org\springframework\spring-context\5.0.2.RELEASE\spring-context-5.0.2.RELEASE.jar;D:\project\idea\maven_demo\repo\org\springframework\spring-aop\5.0.2.RELEASE\spring-aop-5.0.2.RELEASE.jar;D:\project\idea\maven_demo\repo\org\springframework\spring-expression\5.0.2.RELEASE\spring-expression-5.0.2.RELEASE.jar;D:\project\idea\maven_demo\repo\org\springframework\spring-core\5.0.2.RELEASE\spring-core-5.0.2.RELEASE.jar;D:\project\idea\maven_demo\repo\org\springframework\spring-jcl\5.0.2.RELEASE\spring-jcl-5.0.2.RELEASE.jar;D:\project\idea\maven_demo\repo\org\springframework\spring-web\5.0.2.RELEASE\spring-web-5.0.2.RELEASE.jar;D:\project\idea\maven_demo\repo\org\springframework\spring-context-support\5.0.2.RELEASE\spring-context-support-5.0.2.RELEASE.jar;D:\project\idea\maven_demo\repo\org\springframework\spring-jdbc\5.0.2.RELEASE\spring-jdbc-5.0.2.RELEASE.jar;D:\project\idea\maven_demo\repo\org\springframework\spring-orm\5.0.2.RELEASE\spring-orm-5.0.2.RELEASE.jar;D:\project\idea\maven_demo\repo\org\springframework\spring-tx\5.0.2.RELEASE\spring-tx-5.0.2.RELEASE.jar;D:\project\idea\maven_demo\repo\org\springframework\spring-webmvc\5.0.2.RELEASE\spring-webmvc-5.0.2.RELEASE.jar;D:\project\idea\maven_demo\repo\org\springframework\spring-beans\5.0.2.RELEASE\spring-beans-5.0.2.RELEASE.jar;D:\project\idea\maven_demo\repo\com\github\pagehelper\pagehelper\5.1.2\pagehelper-5.1.2.jar;D:\project\idea\maven_demo\repo\com\github\jsqlparser\jsqlparser\1.0\jsqlparser-1.0.jar;D:\project\idea\maven_demo\repo\org\slf4j\slf4j-api\1.7.25\slf4j-api-1.7.25.jar;D:\project\idea\maven_demo\repo\ch\qos\logback\logback-classic\1.2.3\logback-classic-1.2.3.jar;D:\project\idea\maven_demo\repo\ch\qos\logback\logback-core\1.2.3\logback-core-1.2.3.jar;D:\project\idea\maven_demo\repo\org\logback-extensions\logback-ext-spring\0.1.4\logback-ext-spring-0.1.4.jar;D:\project\idea\maven_demo\repo\org\apache\logging\log4j\log4j-core\2.6.2\log4j-core-2.6.2.jar;D:\project\idea\maven_demo\repo\org\apache\logging\log4j\log4j-api\2.6.2\log4j-api-2.6.2.jar;D:\project\idea\maven_demo\repo\mysql\mysql-connector-java\5.0.4\mysql-connector-java-5.0.4.jar;D:\project\idea\maven_demo\repo\taglibs\standard\1.1.2\standard-1.1.2.jar;D:\project\idea\maven_demo\repo\jstl\jstl\1.2\jstl-1.2.jar;D:\project\idea\maven_demo\repo\org\aspectj\aspectjrt\1.8.13\aspectjrt-1.8.13.jar;D:\project\idea\maven_demo\repo\org\aspectj\aspectjweaver\1.8.13\aspectjweaver-1.8.13.jar;D:\project\idea\maven_demo\repo\com\alibaba\druid\1.1.6\druid-1.1.6.jar;D:\project\idea\maven_demo\repo\org\mybatis\mybatis-spring\1.3.1\mybatis-spring-1.3.1.jar;D:\project\idea\maven_demo\repo\org\mybatis\mybatis\3.4.5\mybatis-3.4.5.jar;D:\project\idea\maven_demo\repo\org\apache\poi\poi-ooxml\3.17\poi-ooxml-3.17.jar;D:\project\idea\maven_demo\repo\org\apache\poi\poi\3.17\poi-3.17.jar;D:\project\idea\maven_demo\repo\commons-codec\commons-codec\1.10\commons-codec-1.10.jar;D:\project\idea\maven_demo\repo\org\apache\commons\commons-collections4\4.1\commons-collections4-4.1.jar;D:\project\idea\maven_demo\repo\org\apache\poi\poi-ooxml-schemas\3.17\poi-ooxml-schemas-3.17.jar;D:\project\idea\maven_demo\repo\org\apache\xmlbeans\xmlbeans\2.6.0\xmlbeans-2.6.0.jar;D:\project\idea\maven_demo\repo\stax\stax-api\1.0.1\stax-api-1.0.1.jar;D:\project\idea\maven_demo\repo\com\github\virtuald\curvesapi\1.04\curvesapi-1.04.jar;D:\project\idea\maven_demo\repo\junit\junit\4.11\junit-4.11.jar;D:\project\idea\maven_demo\repo\org\hamcrest\hamcrest-core\1.3\hamcrest-core-1.3.jar;D:\project\idea\maven_demo\repo\com\fasterxml\jackson\core\jackson-core\2.9.3\jackson-core-2.9.3.jar;D:\project\idea\maven_demo\repo\com\fasterxml\jackson\core\jackson-annotations\2.9.3\jackson-annotations-2.9.3.jar;D:\project\idea\maven_demo\repo\com\fasterxml\jackson\core\jackson-databind\2.9.3\jackson-databind-2.9.3.jar;D:\project\idea\maven_demo\repo\net\sf\ehcache\ehcache\2.10.4\ehcache-2.10.4.jar;D:\project\idea\maven_demo\repo\org\mybatis\mybatis-ehcache\1.0.0\mybatis-ehcache-1.0.0.jar;D:\project\idea\maven_demo\repo\net\sf\ehcache\ehcache-core\2.0.0\ehcache-core-2.0.0.jar;D:\project\idea\maven_demo\repo\javax\servlet\javax.servlet-api\4.0.0\javax.servlet-api-4.0.0.jar;D:\project\idea\maven_demo\repo\javax\servlet\jsp\javax.servlet.jsp-api\2.3.1\javax.servlet.jsp-api-2.3.1.jar;"/>
    <property name="sun.cpu.endian" value="little"/>
    <property name="user.home" value="C:\Users\User"/>
    <property name="user.language" value="zh"/>
    <property name="java.specification.vendor" value="Oracle Corporation"/>
    <property name="java.home" value="C:\Java8"/>
    <property name="basedir" value="D:\project\idea\maven_demo\architecture1\goodsmgr"/>
    <property name="file.separator" value="\"/>
    <property name="line.separator" value="&#10;"/>
    <property name="java.vm.specification.vendor" value="Oracle Corporation"/>
    <property name="java.specification.name" value="Java Platform API Specification"/>
    <property name="java.awt.graphicsenv" value="sun.awt.Win32GraphicsEnvironment"/>
    <property name="surefire.real.class.path" value="C:\Users\User\AppData\Local\Temp\surefire1792496997994819398\surefirebooter6772567681396888998.jar"/>
    <property name="sun.boot.class.path" value="C:\Java8\lib\resources.jar;C:\Java8\lib\rt.jar;C:\Java8\lib\sunrsasign.jar;C:\Java8\lib\jsse.jar;C:\Java8\lib\jce.jar;C:\Java8\lib\charsets.jar;C:\Java8\lib\jfr.jar;C:\Java8\classes"/>
    <property name="user.script" value=""/>
    <property name="sun.management.compiler" value="HotSpot 64-Bit Tiered Compilers"/>
    <property name="java.runtime.version" value="1.8.0_25-b18"/>
    <property name="user.name" value="User"/>
    <property name="path.separator" value=";"/>
    <property name="os.version" value="6.3"/>
    <property name="java.endorsed.dirs" value="C:\Java8\lib\endorsed"/>
    <property name="java.runtime.name" value="Java(TM) SE Runtime Environment"/>
    <property name="file.encoding" value="GBK"/>
    <property name="java.vm.name" value="Java HotSpot(TM) 64-Bit Server VM"/>
    <property name="localRepository" value="D:\project\idea\maven_demo\repo"/>
    <property name="java.vendor.url.bug" value="http://bugreport.sun.com/bugreport/"/>
    <property name="java.io.tmpdir" value="C:\Users\User\AppData\Local\Temp\"/>
    <property name="idea.version" value="2017.1.5"/>
    <property name="java.version" value="1.8.0_25"/>
    <property name="user.dir" value="D:\project\idea\maven_demo\architecture1\goodsmgr"/>
    <property name="os.arch" value="amd64"/>
    <property name="java.vm.specification.name" value="Java Virtual Machine Specification"/>
    <property name="java.awt.printerjob" value="sun.awt.windows.WPrinterJob"/>
    <property name="sun.os.patch.level" value=""/>
    <property name="java.library.path" value="C:\Java8\bin;C:\WINDOWS\Sun\Java\bin;C:\WINDOWS\system32;C:\WINDOWS;C:\Program Files (x86)\Common Files\NetSarang;C:\ProgramData\Oracle\Java\javapath;C:\Program Files (x86)\Intel\iCLS Client\;C:\Program Files\Intel\iCLS Client\;C:\Windows\system32;C:\Windows;C:\Windows\System32\Wbem;C:\Windows\System32\WindowsPowerShell\v1.0\;C:\Program Files (x86)\Intel\Intel(R) Management Engine Components\DAL;C:\Program Files\Intel\Intel(R) Management Engine Components\DAL;C:\Program Files (x86)\Intel\Intel(R) Management Engine Components\IPT;C:\Program Files\Intel\Intel(R) Management Engine Components\IPT;C:\Program Files (x86)\NVIDIA Corporation\PhysX\Common;C:\WINDOWS\system32;C:\WINDOWS;C:\WINDOWS\System32\Wbem;C:\WINDOWS\System32\WindowsPowerShell\v1.0\;D:\Program Files (x86)\Rational\Common;D:\Program Files\MySQL Server 5.7\bin;C:\Java8\bin;C:\Java8\jre\bin;C:\Program Files\Intel\WiFi\bin\;C:\Program Files\Common Files\Intel\WirelessCommon\;c:\Program Files\TortoiseSVN\bin;C:\Python27;D:\Program Files (x86)\Mozilla Firefox;C:\Program Files (x86)\Google\Chrome\Application;C:\Python27\Lib\site-packages\pytesser;C:\Python27\Lib\site-packages\pytesseract;C:\WINDOWS\System32\OpenSSH\;D:\tomcat\apache-maven-3.5.4\bin;D:\pmo;C:\Users\User\AppData\Local\GitHub\PortableGit_69bd5e6f85e4842f07db71c9618a621154c52254\cmd;C:\Users\User\AppData\Local\GitHub\PortableGit_69bd5e6f85e4842f07db71c9618a621154c52254\bin;C:\Users\User\AppData\Local\Microsoft\WindowsApps;;."/>
    <property name="java.vm.info" value="mixed mode"/>
    <property name="java.vendor" value="Oracle Corporation"/>
    <property name="java.vm.version" value="25.25-b02"/>
    <property name="java.ext.dirs" value="C:\Java8\lib\ext;C:\WINDOWS\Sun\Java\lib\ext"/>
    <property name="sun.io.unicode.encoding" value="UnicodeLittle"/>
    <property name="maven.repo.local" value="D:\project\idea\maven_demo\repo"/>
    <property name="java.class.version" value="52.0"/>
  </properties>
  <testcase name="shouldAnswerWithTrue" classname="com.ultrapower.AppTest" time="0.001"/>
</testsuite>